abr. 06, 2025 9:40:16 AM liquibase.changelog
INFO: Reading resource: db/changelog/migrations/db.changelog-202503311533.sql
abr. 06, 2025 9:40:16 AM liquibase.changelog
INFO: Reading resource: db/changelog/migrations/db.changelog-202503311701.sql
abr. 06, 2025 9:40:16 AM liquibase.changelog
INFO: Reading resource: db/changelog/migrations/db.changelog-202503311708.sql
abr. 06, 2025 9:40:16 AM liquibase.changelog
INFO: Reading resource: db/changelog/migrations/db.changelog-202503311715.sql
abr. 06, 2025 9:40:16 AM liquibase.changelog
INFO: Reading from board.databasechangelog
Database is up to date, no changesets to execute
abr. 06, 2025 9:40:16 AM liquibase.changelog
INFO: Reading from board.databasechangelog

UPDATE SUMMARY
Run:                          0
Previously run:               4
Filtered out:                 0
-------------------------------
Total change sets:            4

abr. 06, 2025 9:40:16 AM liquibase.util
INFO: UPDATE SUMMARY
abr. 06, 2025 9:40:16 AM liquibase.util
INFO: Run:                          0
abr. 06, 2025 9:40:16 AM liquibase.util
INFO: Previously run:               4
abr. 06, 2025 9:40:16 AM liquibase.util
INFO: Filtered out:                 0
abr. 06, 2025 9:40:16 AM liquibase.util
INFO: -------------------------------
abr. 06, 2025 9:40:16 AM liquibase.util
INFO: Total change sets:            4
abr. 06, 2025 9:40:16 AM liquibase.util
INFO: Update summary generated
abr. 06, 2025 9:40:16 AM liquibase.lockservice
INFO: Successfully released change log lock
abr. 06, 2025 9:40:16 AM liquibase.command
INFO: Command execution complete
